2024-11-16 16:55:06,013 [Cliente.Vistas.VentanaInicioSesion]{AceptarInicioDeSesion} WARN: System.ServiceModel.EndpointNotFoundException: No se pudo conectar a net.tcp://localhost:8090/ServicioJuegoPassword.Interfaces. La duración del intento de conexión fue de 00:00:04.0954182. Código de error TCP 10061: No se puede establecer una conexión ya que el equipo de destino denegó expresamente dicha conexión 127.0.0.1:8090.  ---> System.Net.Sockets.SocketException: No se puede establecer una conexión ya que el equipo de destino denegó expresamente dicha conexión 127.0.0.1:8090
   en System.Net.Sockets.Socket.DoConnect(EndPoint endPointSnapshot, SocketAddress socketAddress)
   en System.Net.Sockets.Socket.Connect(EndPoint remoteEP)
   en System.ServiceModel.Channels.SocketConnectionInitiator.Connect(Uri uri, TimeSpan timeout)
   --- Fin del seguimiento de la pila de la excepción interna ---

Server stack trace: 
   en System.ServiceModel.Channels.SocketConnectionInitiator.Connect(Uri uri, TimeSpan timeout)
   en System.ServiceModel.Channels.BufferedConnectionInitiator.Connect(Uri uri, TimeSpan timeout)
   en System.ServiceModel.Channels.ConnectionPoolHelper.EstablishConnection(TimeSpan timeout)
   en System.ServiceModel.Channels.ClientFramingDuplexSessionChannel.OnOpen(TimeSpan timeout)
   en System.ServiceModel.Channels.CommunicationObject.Open(TimeSpan timeout)
   en System.ServiceModel.Channels.ServiceChannel.OnOpen(TimeSpan timeout)
   en System.ServiceModel.Channels.CommunicationObject.Open(TimeSpan timeout)
   en System.ServiceModel.Channels.ServiceChannel.CallOpenOnce.System.ServiceModel.Channels.ServiceChannel.ICallOnce.Call(ServiceChannel channel, TimeSpan timeout)
   en System.ServiceModel.Channels.ServiceChannel.CallOnceManager.CallOnce(TimeSpan timeout, CallOnceManager cascade)
   en System.ServiceModel.Channels.ServiceChannel.EnsureOpened(TimeSpan timeout)
   en System.ServiceModel.Channels.ServiceChannel.Call(String action, Boolean oneway, ProxyOperationRuntime operation, Object[] ins, Object[] outs, TimeSpan timeout)
   en System.ServiceModel.Channels.ServiceChannelProxy.InvokeService(IMethodCallMessage methodCall, ProxyOperationRuntime operation)
   en System.ServiceModel.Channels.ServiceChannelProxy.Invoke(IMessage message)

Exception rethrown at [0]: 
   en System.Runtime.Remoting.Proxies.RealProxy.HandleReturnMessage(IMessage reqMsg, IMessage retMsg)
   en System.Runtime.Remoting.Proxies.RealProxy.PrivateInvoke(MessageData& msgData, Int32 type)
   en Cliente.ServidorPassword.IServicioGestionAcceso.ValidarInicioDeSesion(Acceso acceso)
   en Cliente.ServidorPassword.ServicioGestionAccesoClient.ValidarInicioDeSesion(Acceso acceso) en C:\Users\mario\Desktop\ClienteNuevo\JuegoPasswordCliente\Connected Services\ServidorPassword\Reference.cs:línea 1702
   en Cliente.Vistas.VentanaInicioSesion.AceptarInicioDeSesion(Object remitente, RoutedEventArgs argumento) en C:\Users\mario\Desktop\ClienteNuevo\JuegoPasswordCliente\Vistas\VentanaInicioSesion.xaml.cs:línea 112
2024-11-16 17:12:34,812 [Cliente.Vistas.VentanaRegistro]{AceptarRegistro} WARN: System.ServiceModel.EndpointNotFoundException: No se pudo conectar a net.tcp://localhost:8090/ServicioJuegoPassword.Interfaces. La duración del intento de conexión fue de 00:00:04.0840115. Código de error TCP 10061: No se puede establecer una conexión ya que el equipo de destino denegó expresamente dicha conexión 127.0.0.1:8090.  ---> System.Net.Sockets.SocketException: No se puede establecer una conexión ya que el equipo de destino denegó expresamente dicha conexión 127.0.0.1:8090
   en System.Net.Sockets.Socket.DoConnect(EndPoint endPointSnapshot, SocketAddress socketAddress)
   en System.Net.Sockets.Socket.Connect(EndPoint remoteEP)
   en System.ServiceModel.Channels.SocketConnectionInitiator.Connect(Uri uri, TimeSpan timeout)
   --- Fin del seguimiento de la pila de la excepción interna ---

Server stack trace: 
   en System.ServiceModel.Channels.SocketConnectionInitiator.Connect(Uri uri, TimeSpan timeout)
   en System.ServiceModel.Channels.BufferedConnectionInitiator.Connect(Uri uri, TimeSpan timeout)
   en System.ServiceModel.Channels.ConnectionPoolHelper.EstablishConnection(TimeSpan timeout)
   en System.ServiceModel.Channels.ClientFramingDuplexSessionChannel.OnOpen(TimeSpan timeout)
   en System.ServiceModel.Channels.CommunicationObject.Open(TimeSpan timeout)
   en System.ServiceModel.Channels.ServiceChannel.OnOpen(TimeSpan timeout)
   en System.ServiceModel.Channels.CommunicationObject.Open(TimeSpan timeout)
   en System.ServiceModel.Channels.ServiceChannel.CallOpenOnce.System.ServiceModel.Channels.ServiceChannel.ICallOnce.Call(ServiceChannel channel, TimeSpan timeout)
   en System.ServiceModel.Channels.ServiceChannel.CallOnceManager.CallOnce(TimeSpan timeout, CallOnceManager cascade)
   en System.ServiceModel.Channels.ServiceChannel.EnsureOpened(TimeSpan timeout)
   en System.ServiceModel.Channels.ServiceChannel.Call(String action, Boolean oneway, ProxyOperationRuntime operation, Object[] ins, Object[] outs, TimeSpan timeout)
   en System.ServiceModel.Channels.ServiceChannelProxy.InvokeService(IMethodCallMessage methodCall, ProxyOperationRuntime operation)
   en System.ServiceModel.Channels.ServiceChannelProxy.Invoke(IMessage message)

Exception rethrown at [0]: 
   en System.Runtime.Remoting.Proxies.RealProxy.HandleReturnMessage(IMessage reqMsg, IMessage retMsg)
   en System.Runtime.Remoting.Proxies.RealProxy.PrivateInvoke(MessageData& msgData, Int32 type)
   en Cliente.ServidorPassword.IServicioGestionAcceso.ValidarPresenciaDeCorreo(String correo)
   en Cliente.ServidorPassword.ServicioGestionAccesoClient.ValidarPresenciaDeCorreo(String correo) en C:\Users\mario\Desktop\ClienteNuevo\JuegoPasswordCliente\Connected Services\ServidorPassword\Reference.cs:línea 1734
   en Cliente.Vistas.VentanaRegistro.AceptarRegistro(Object remitente, RoutedEventArgs argumento) en C:\Users\mario\Desktop\ClienteNuevo\JuegoPasswordCliente\Vistas\VentanaRegistro.xaml.cs:línea 39
2024-11-16 19:15:44,500 [Cliente.Vistas.VentanaLobby]{ConfigurarChat} WARN: System.ServiceModel.EndpointNotFoundException: No se pudo conectar a net.tcp://localhost:8090/ServicioJuegoPassword.Interfaces. La duración del intento de conexión fue de 00:00:04.0845204. Código de error TCP 10061: No se puede establecer una conexión ya que el equipo de destino denegó expresamente dicha conexión 127.0.0.1:8090.  ---> System.Net.Sockets.SocketException: No se puede establecer una conexión ya que el equipo de destino denegó expresamente dicha conexión 127.0.0.1:8090
   en System.Net.Sockets.Socket.DoConnect(EndPoint endPointSnapshot, SocketAddress socketAddress)
   en System.Net.Sockets.Socket.Connect(EndPoint remoteEP)
   en System.ServiceModel.Channels.SocketConnectionInitiator.Connect(Uri uri, TimeSpan timeout)
   --- Fin del seguimiento de la pila de la excepción interna ---

Server stack trace: 
   en System.ServiceModel.Channels.SocketConnectionInitiator.Connect(Uri uri, TimeSpan timeout)
   en System.ServiceModel.Channels.BufferedConnectionInitiator.Connect(Uri uri, TimeSpan timeout)
   en System.ServiceModel.Channels.ConnectionPoolHelper.EstablishConnection(TimeSpan timeout)
   en System.ServiceModel.Channels.ClientFramingDuplexSessionChannel.OnOpen(TimeSpan timeout)
   en System.ServiceModel.Channels.CommunicationObject.Open(TimeSpan timeout)
   en System.ServiceModel.Channels.ServiceChannel.OnOpen(TimeSpan timeout)
   en System.ServiceModel.Channels.CommunicationObject.Open(TimeSpan timeout)
   en System.ServiceModel.Channels.ServiceChannel.CallOpenOnce.System.ServiceModel.Channels.ServiceChannel.ICallOnce.Call(ServiceChannel channel, TimeSpan timeout)
   en System.ServiceModel.Channels.ServiceChannel.CallOnceManager.CallOnce(TimeSpan timeout, CallOnceManager cascade)
   en System.ServiceModel.Channels.ServiceChannel.EnsureOpened(TimeSpan timeout)
   en System.ServiceModel.Channels.ServiceChannel.Call(String action, Boolean oneway, ProxyOperationRuntime operation, Object[] ins, Object[] outs, TimeSpan timeout)
   en System.ServiceModel.Channels.ServiceChannelProxy.InvokeService(IMethodCallMessage methodCall, ProxyOperationRuntime operation)
   en System.ServiceModel.Channels.ServiceChannelProxy.Invoke(IMessage message)

Exception rethrown at [0]: 
   en System.Runtime.Remoting.Proxies.RealProxy.HandleReturnMessage(IMessage reqMsg, IMessage retMsg)
   en System.Runtime.Remoting.Proxies.RealProxy.PrivateInvoke(MessageData& msgData, Int32 type)
   en Cliente.ServidorPassword.IServicioChat.Chatear(String chat)
   en Cliente.ServidorPassword.ServicioChatClient.Chatear(String chat) en C:\Users\mario\Desktop\ClienteNuevo\JuegoPasswordCliente\Connected Services\ServidorPassword\Reference.cs:línea 1611
   en Cliente.Vistas.VentanaLobby.ConfigurarChat() en C:\Users\mario\Desktop\ClienteNuevo\JuegoPasswordCliente\Vistas\VentanaLobby.xaml.cs:línea 45
2024-11-16 19:15:51,317 [Cliente.Vistas.VentanaLobby]{RecuperarAmigos} WARN: System.ServiceModel.EndpointNotFoundException: No se pudo conectar a net.tcp://localhost:8090/ServicioJuegoPassword.Interfaces. La duración del intento de conexión fue de 00:00:04.0946491. Código de error TCP 10061: No se puede establecer una conexión ya que el equipo de destino denegó expresamente dicha conexión 127.0.0.1:8090.  ---> System.Net.Sockets.SocketException: No se puede establecer una conexión ya que el equipo de destino denegó expresamente dicha conexión 127.0.0.1:8090
   en System.Net.Sockets.Socket.DoConnect(EndPoint endPointSnapshot, SocketAddress socketAddress)
   en System.Net.Sockets.Socket.Connect(EndPoint remoteEP)
   en System.ServiceModel.Channels.SocketConnectionInitiator.Connect(Uri uri, TimeSpan timeout)
   --- Fin del seguimiento de la pila de la excepción interna ---

Server stack trace: 
   en System.ServiceModel.Channels.SocketConnectionInitiator.Connect(Uri uri, TimeSpan timeout)
   en System.ServiceModel.Channels.BufferedConnectionInitiator.Connect(Uri uri, TimeSpan timeout)
   en System.ServiceModel.Channels.ConnectionPoolHelper.EstablishConnection(TimeSpan timeout)
   en System.ServiceModel.Channels.ClientFramingDuplexSessionChannel.OnOpen(TimeSpan timeout)
   en System.ServiceModel.Channels.CommunicationObject.Open(TimeSpan timeout)
   en System.ServiceModel.Channels.ServiceChannel.OnOpen(TimeSpan timeout)
   en System.ServiceModel.Channels.CommunicationObject.Open(TimeSpan timeout)
   en System.ServiceModel.Channels.ServiceChannel.CallOpenOnce.System.ServiceModel.Channels.ServiceChannel.ICallOnce.Call(ServiceChannel channel, TimeSpan timeout)
   en System.ServiceModel.Channels.ServiceChannel.CallOnceManager.CallOnce(TimeSpan timeout, CallOnceManager cascade)
   en System.ServiceModel.Channels.ServiceChannel.EnsureOpened(TimeSpan timeout)
   en System.ServiceModel.Channels.ServiceChannel.Call(String action, Boolean oneway, ProxyOperationRuntime operation, Object[] ins, Object[] outs, TimeSpan timeout)
   en System.ServiceModel.Channels.ServiceChannelProxy.InvokeService(IMethodCallMessage methodCall, ProxyOperationRuntime operation)
   en System.ServiceModel.Channels.ServiceChannelProxy.Invoke(IMessage message)

Exception rethrown at [0]: 
   en System.Runtime.Remoting.Proxies.RealProxy.HandleReturnMessage(IMessage reqMsg, IMessage retMsg)
   en System.Runtime.Remoting.Proxies.RealProxy.PrivateInvoke(MessageData& msgData, Int32 type)
   en Cliente.ServidorPassword.IServicioGestionAmistad.ConsultarAmistadesPorIdJugador(Int32 idJugador)
   en Cliente.ServidorPassword.ServicioGestionAmistadClient.ConsultarAmistadesPorIdJugador(Int32 idJugador) en C:\Users\mario\Desktop\ClienteNuevo\JuegoPasswordCliente\Connected Services\ServidorPassword\Reference.cs:línea 1998
   en Cliente.Vistas.VentanaLobby.RecuperarAmigos() en C:\Users\mario\Desktop\ClienteNuevo\JuegoPasswordCliente\Vistas\VentanaLobby.xaml.cs:línea 82
2024-11-16 19:15:56,906 [Cliente.Vistas.VentanaMenuPrincipal]{ObtenerCodigoPartida} WARN: System.ServiceModel.EndpointNotFoundException: No se pudo conectar a net.tcp://localhost:8090/ServicioJuegoPassword.Interfaces. La duración del intento de conexión fue de 00:00:04.0630178. Código de error TCP 10061: No se puede establecer una conexión ya que el equipo de destino denegó expresamente dicha conexión 127.0.0.1:8090.  ---> System.Net.Sockets.SocketException: No se puede establecer una conexión ya que el equipo de destino denegó expresamente dicha conexión 127.0.0.1:8090
   en System.Net.Sockets.Socket.DoConnect(EndPoint endPointSnapshot, SocketAddress socketAddress)
   en System.Net.Sockets.Socket.Connect(EndPoint remoteEP)
   en System.ServiceModel.Channels.SocketConnectionInitiator.Connect(Uri uri, TimeSpan timeout)
   --- Fin del seguimiento de la pila de la excepción interna ---

Server stack trace: 
   en System.ServiceModel.Channels.SocketConnectionInitiator.Connect(Uri uri, TimeSpan timeout)
   en System.ServiceModel.Channels.BufferedConnectionInitiator.Connect(Uri uri, TimeSpan timeout)
   en System.ServiceModel.Channels.ConnectionPoolHelper.EstablishConnection(TimeSpan timeout)
   en System.ServiceModel.Channels.ClientFramingDuplexSessionChannel.OnOpen(TimeSpan timeout)
   en System.ServiceModel.Channels.CommunicationObject.Open(TimeSpan timeout)
   en System.ServiceModel.Channels.ServiceChannel.OnOpen(TimeSpan timeout)
   en System.ServiceModel.Channels.CommunicationObject.Open(TimeSpan timeout)
   en System.ServiceModel.Channels.ServiceChannel.CallOpenOnce.System.ServiceModel.Channels.ServiceChannel.ICallOnce.Call(ServiceChannel channel, TimeSpan timeout)
   en System.ServiceModel.Channels.ServiceChannel.CallOnceManager.CallOnce(TimeSpan timeout, CallOnceManager cascade)
   en System.ServiceModel.Channels.ServiceChannel.EnsureOpened(TimeSpan timeout)
   en System.ServiceModel.Channels.ServiceChannel.Call(String action, Boolean oneway, ProxyOperationRuntime operation, Object[] ins, Object[] outs, TimeSpan timeout)
   en System.ServiceModel.Channels.ServiceChannelProxy.InvokeService(IMethodCallMessage methodCall, ProxyOperationRuntime operation)
   en System.ServiceModel.Channels.ServiceChannelProxy.Invoke(IMessage message)

Exception rethrown at [0]: 
   en System.Runtime.Remoting.Proxies.RealProxy.HandleReturnMessage(IMessage reqMsg, IMessage retMsg)
   en System.Runtime.Remoting.Proxies.RealProxy.PrivateInvoke(MessageData& msgData, Int32 type)
   en Cliente.ServidorPassword.IServicioGestionPartida.ValidarCodigoPartida(String codigoPartida)
   en Cliente.ServidorPassword.ServicioGestionPartidaClient.ValidarCodigoPartida(String codigoPartida) en C:\Users\mario\Desktop\ClienteNuevo\JuegoPasswordCliente\Connected Services\ServidorPassword\Reference.cs:línea 2117
   en Cliente.Vistas.VentanaMenuPrincipal.ObtenerCodigoPartida() en C:\Users\mario\Desktop\ClienteNuevo\JuegoPasswordCliente\Vistas\VentanaMenuPrincipal.xaml.cs:línea 113
2024-11-16 19:16:02,744 [Cliente.Vistas.VentanaMenuPrincipal]{AbrirSalaEspera} WARN: System.ServiceModel.EndpointNotFoundException: No se pudo conectar a net.tcp://localhost:8090/ServicioJuegoPassword.Interfaces. La duración del intento de conexión fue de 00:00:04.0425440. Código de error TCP 10061: No se puede establecer una conexión ya que el equipo de destino denegó expresamente dicha conexión 127.0.0.1:8090.  ---> System.Net.Sockets.SocketException: No se puede establecer una conexión ya que el equipo de destino denegó expresamente dicha conexión 127.0.0.1:8090
   en System.Net.Sockets.Socket.DoConnect(EndPoint endPointSnapshot, SocketAddress socketAddress)
   en System.Net.Sockets.Socket.Connect(EndPoint remoteEP)
   en System.ServiceModel.Channels.SocketConnectionInitiator.Connect(Uri uri, TimeSpan timeout)
   --- Fin del seguimiento de la pila de la excepción interna ---

Server stack trace: 
   en System.ServiceModel.Channels.SocketConnectionInitiator.Connect(Uri uri, TimeSpan timeout)
   en System.ServiceModel.Channels.BufferedConnectionInitiator.Connect(Uri uri, TimeSpan timeout)
   en System.ServiceModel.Channels.ConnectionPoolHelper.EstablishConnection(TimeSpan timeout)
   en System.ServiceModel.Channels.ClientFramingDuplexSessionChannel.OnOpen(TimeSpan timeout)
   en System.ServiceModel.Channels.CommunicationObject.Open(TimeSpan timeout)
   en System.ServiceModel.Channels.ServiceChannel.OnOpen(TimeSpan timeout)
   en System.ServiceModel.Channels.CommunicationObject.Open(TimeSpan timeout)
   en System.ServiceModel.Channels.ServiceChannel.CallOpenOnce.System.ServiceModel.Channels.ServiceChannel.ICallOnce.Call(ServiceChannel channel, TimeSpan timeout)
   en System.ServiceModel.Channels.ServiceChannel.CallOnceManager.CallOnce(TimeSpan timeout, CallOnceManager cascade)
   en System.ServiceModel.Channels.ServiceChannel.EnsureOpened(TimeSpan timeout)
   en System.ServiceModel.Channels.ServiceChannel.Call(String action, Boolean oneway, ProxyOperationRuntime operation, Object[] ins, Object[] outs, TimeSpan timeout)
   en System.ServiceModel.Channels.ServiceChannelProxy.InvokeService(IMethodCallMessage methodCall, ProxyOperationRuntime operation)
   en System.ServiceModel.Channels.ServiceChannelProxy.Invoke(IMessage message)

Exception rethrown at [0]: 
   en System.Runtime.Remoting.Proxies.RealProxy.HandleReturnMessage(IMessage reqMsg, IMessage retMsg)
   en System.Runtime.Remoting.Proxies.RealProxy.PrivateInvoke(MessageData& msgData, Int32 type)
   en Cliente.ServidorPassword.IServicioGestionPartida.RegistrarPartidaPorIdJugador(Int32 idJugador, Partida partida)
   en Cliente.ServidorPassword.ServicioGestionPartidaClient.RegistrarPartidaPorIdJugador(Int32 idJugador, Partida partida) en C:\Users\mario\Desktop\ClienteNuevo\JuegoPasswordCliente\Connected Services\ServidorPassword\Reference.cs:línea 2101
   en Cliente.Vistas.VentanaMenuPrincipal.AbrirSalaEspera(Object remitente, RoutedEventArgs argumento) en C:\Users\mario\Desktop\ClienteNuevo\JuegoPasswordCliente\Vistas\VentanaMenuPrincipal.xaml.cs:línea 78
